2020-11-05 17:15:54,091 INFO o.a.j.u.JMeterUtils: Setting Locale to en_EN
2020-11-05 17:15:54,167 INFO o.a.j.JMeter: Loading user properties from: C:\Program Files\apache-jmeter-5.3\bin\user.properties
2020-11-05 17:15:54,183 INFO o.a.j.JMeter: Loading system properties from: C:\Program Files\apache-jmeter-5.3\bin\system.properties
2020-11-05 17:15:54,185 INFO o.a.j.JMeter: Copyright (c) 1998-2020 The Apache Software Foundation
2020-11-05 17:15:54,187 INFO o.a.j.JMeter: Version 5.3
2020-11-05 17:15:54,187 INFO o.a.j.JMeter: java.version=1.8.0_251
2020-11-05 17:15:54,187 INFO o.a.j.JMeter: java.vm.name=Java HotSpot(TM) 64-Bit Server VM
2020-11-05 17:15:54,187 INFO o.a.j.JMeter: os.name=Windows 10
2020-11-05 17:15:54,187 INFO o.a.j.JMeter: os.arch=amd64
2020-11-05 17:15:54,187 INFO o.a.j.JMeter: os.version=10.0
2020-11-05 17:15:54,187 INFO o.a.j.JMeter: file.encoding=Cp1252
2020-11-05 17:15:54,187 INFO o.a.j.JMeter: java.awt.headless=true
2020-11-05 17:15:54,187 INFO o.a.j.JMeter: Max memory     =1073741824
2020-11-05 17:15:54,187 INFO o.a.j.JMeter: Available Processors =4
2020-11-05 17:15:54,197 INFO o.a.j.JMeter: Default Locale=English (EN)
2020-11-05 17:15:54,198 INFO o.a.j.JMeter: JMeter  Locale=English (EN)
2020-11-05 17:15:54,198 INFO o.a.j.JMeter: JMeterHome=C:\Program Files\apache-jmeter-5.3
2020-11-05 17:15:54,198 INFO o.a.j.JMeter: user.dir  =C:\Users\DevDiego\Documents\GitHub\ExamenFinalModulo3\load
2020-11-05 17:15:54,198 INFO o.a.j.JMeter: PWD       =C:\Users\DevDiego\Documents\GitHub\ExamenFinalModulo3\load
2020-11-05 17:15:54,200 INFO o.a.j.JMeter: IP: 192.168.0.18 Name: DevDiego FullName: DevDiego
2020-11-05 17:15:54,224 INFO o.a.j.s.FileServer: Default base='C:\Users\DevDiego\Documents\GitHub\ExamenFinalModulo3\load'
2020-11-05 17:15:54,261 INFO o.a.j.s.FileServer: Set new base='C:\Users\DevDiego\Documents\GitHub\ExamenFinalModulo3\load'
2020-11-05 17:15:55,076 INFO o.a.j.s.SaveService: Testplan (JMX) version: 2.2. Testlog (JTL) version: 2.2
2020-11-05 17:15:55,361 INFO o.a.j.s.SaveService: Using SaveService properties file encoding UTF-8
2020-11-05 17:15:55,395 INFO o.a.j.s.SaveService: Using SaveService properties version 5.0
2020-11-05 17:15:55,412 INFO o.a.j.s.SaveService: Loading file: examen_test_plan_diego.jmx
2020-11-05 17:15:55,603 INFO o.a.j.p.h.s.HTTPSamplerBase: Parser for text/html is org.apache.jmeter.protocol.http.parser.LagartoBasedHtmlParser
2020-11-05 17:15:55,603 INFO o.a.j.p.h.s.HTTPSamplerBase: Parser for application/xhtml+xml is org.apache.jmeter.protocol.http.parser.LagartoBasedHtmlParser
2020-11-05 17:15:55,604 INFO o.a.j.p.h.s.HTTPSamplerBase: Parser for application/xml is org.apache.jmeter.protocol.http.parser.LagartoBasedHtmlParser
2020-11-05 17:15:55,604 INFO o.a.j.p.h.s.HTTPSamplerBase: Parser for text/xml is org.apache.jmeter.protocol.http.parser.LagartoBasedHtmlParser
2020-11-05 17:15:55,604 INFO o.a.j.p.h.s.HTTPSamplerBase: Parser for text/vnd.wap.wml is org.apache.jmeter.protocol.http.parser.RegexpHTMLParser
2020-11-05 17:15:55,605 INFO o.a.j.p.h.s.HTTPSamplerBase: Parser for text/css is org.apache.jmeter.protocol.http.parser.CssParser
2020-11-05 17:15:55,738 INFO o.a.j.JMeter: Creating summariser <summary>
2020-11-05 17:15:55,762 INFO o.a.j.e.StandardJMeterEngine: Running the test!
2020-11-05 17:15:55,767 INFO o.a.j.s.SampleEvent: List of sample_variables: []
2020-11-05 17:15:55,767 INFO o.a.j.s.SampleEvent: List of sample_variables: []
2020-11-05 17:15:55,792 INFO o.a.j.e.u.CompoundVariable: Note: Function class names must contain the string: '.functions.'
2020-11-05 17:15:55,793 INFO o.a.j.e.u.CompoundVariable: Note: Function class names must not contain the string: '.gui.'
2020-11-05 17:15:58,279 INFO o.a.j.JMeter: Running test (1604618158279)
2020-11-05 17:15:58,372 INFO o.a.j.e.StandardJMeterEngine: Starting ThreadGroup: 1 : Thread Group
2020-11-05 17:15:58,372 INFO o.a.j.e.StandardJMeterEngine: Starting 10 threads for group Thread Group.
2020-11-05 17:15:58,372 INFO o.a.j.e.StandardJMeterEngine: Thread will continue on error
2020-11-05 17:15:58,372 INFO o.a.j.t.ThreadGroup: Starting thread group... number=1 threads=10 ramp-up=20 delayedStart=false
2020-11-05 17:15:58,405 INFO o.a.j.t.JMeterThread: Thread started: Thread Group 1-1
2020-11-05 17:15:58,417 INFO o.a.j.t.ThreadGroup: Started thread group number 1
2020-11-05 17:15:58,418 INFO o.a.j.e.StandardJMeterEngine: All thread groups have been started
2020-11-05 17:15:58,581 INFO o.a.j.p.h.s.HTTPHCAbstractImpl: Local host = DevDiego
2020-11-05 17:15:58,613 INFO o.a.j.p.h.s.HTTPHC4Impl: HTTP request retry count = 0
2020-11-05 17:15:58,616 INFO o.a.j.s.SampleResult: Note: Sample TimeStamps are START times
2020-11-05 17:15:58,617 INFO o.a.j.s.SampleResult: sampleresult.default.encoding is set to ISO-8859-1
2020-11-05 17:15:58,617 INFO o.a.j.s.SampleResult: sampleresult.useNanoTime=true
2020-11-05 17:15:58,617 INFO o.a.j.s.SampleResult: sampleresult.nanoThreadSleep=5000
2020-11-05 17:15:59,002 INFO o.a.j.p.h.s.h.LazyLayeredConnectionSocketFactory: Setting up HTTPS TrustAll Socket Factory
2020-11-05 17:15:59,021 INFO o.a.j.u.JsseSSLManager: Using default SSL protocol: TLS
2020-11-05 17:15:59,021 INFO o.a.j.u.JsseSSLManager: SSL session context: per-thread
2020-11-05 17:16:00,389 INFO o.a.j.t.JMeterThread: Thread started: Thread Group 1-2
2020-11-05 17:16:01,266 INFO o.a.j.u.SSLManager: JmeterKeyStore Location:  type JKS
2020-11-05 17:16:01,270 INFO o.a.j.u.SSLManager: KeyStore created OK
2020-11-05 17:16:01,270 WARN o.a.j.u.SSLManager: Keystore file not found, loading empty keystore
2020-11-05 17:16:02,383 INFO o.a.j.t.JMeterThread: Thread started: Thread Group 1-3
2020-11-05 17:16:04,383 INFO o.a.j.t.JMeterThread: Thread started: Thread Group 1-4
2020-11-05 17:16:04,696 INFO o.a.j.r.Summariser: summary +      1 in 00:00:06 =    0.2/s Avg:  4113 Min:  4113 Max:  4113 Err:     0 (0.00%) Active: 4 Started: 4 Finished: 0
2020-11-05 17:16:04,889 INFO o.a.j.t.JMeterThread: Thread is done: Thread Group 1-1
2020-11-05 17:16:04,890 INFO o.a.j.t.JMeterThread: Thread finished: Thread Group 1-1
2020-11-05 17:16:04,899 INFO o.a.j.t.JMeterThread: Thread is done: Thread Group 1-3
2020-11-05 17:16:04,900 INFO o.a.j.t.JMeterThread: Thread finished: Thread Group 1-3
2020-11-05 17:16:04,953 INFO o.a.j.t.JMeterThread: Thread is done: Thread Group 1-2
2020-11-05 17:16:04,954 INFO o.a.j.t.JMeterThread: Thread finished: Thread Group 1-2
2020-11-05 17:16:05,043 INFO o.a.j.t.JMeterThread: Thread is done: Thread Group 1-4
2020-11-05 17:16:05,043 INFO o.a.j.t.JMeterThread: Thread finished: Thread Group 1-4
2020-11-05 17:16:06,381 INFO o.a.j.t.JMeterThread: Thread started: Thread Group 1-5
2020-11-05 17:16:07,066 INFO o.a.j.t.JMeterThread: Thread is done: Thread Group 1-5
2020-11-05 17:16:07,066 INFO o.a.j.t.JMeterThread: Thread finished: Thread Group 1-5
2020-11-05 17:16:08,384 INFO o.a.j.t.JMeterThread: Thread started: Thread Group 1-6
2020-11-05 17:16:09,034 INFO o.a.j.t.JMeterThread: Thread is done: Thread Group 1-6
2020-11-05 17:16:09,034 INFO o.a.j.t.JMeterThread: Thread finished: Thread Group 1-6
2020-11-05 17:16:10,387 INFO o.a.j.t.JMeterThread: Thread started: Thread Group 1-7
2020-11-05 17:16:11,019 INFO o.a.j.t.JMeterThread: Thread is done: Thread Group 1-7
2020-11-05 17:16:11,019 INFO o.a.j.t.JMeterThread: Thread finished: Thread Group 1-7
2020-11-05 17:16:12,379 INFO o.a.j.t.JMeterThread: Thread started: Thread Group 1-8
2020-11-05 17:16:13,031 INFO o.a.j.t.JMeterThread: Thread is done: Thread Group 1-8
2020-11-05 17:16:13,034 INFO o.a.j.t.JMeterThread: Thread finished: Thread Group 1-8
2020-11-05 17:16:14,381 INFO o.a.j.t.JMeterThread: Thread started: Thread Group 1-9
2020-11-05 17:16:14,992 INFO o.a.j.t.JMeterThread: Thread is done: Thread Group 1-9
2020-11-05 17:16:14,992 INFO o.a.j.t.JMeterThread: Thread finished: Thread Group 1-9
2020-11-05 17:16:16,379 INFO o.a.j.t.JMeterThread: Thread started: Thread Group 1-10
2020-11-05 17:16:17,086 INFO o.a.j.t.JMeterThread: Thread is done: Thread Group 1-10
2020-11-05 17:16:17,086 INFO o.a.j.t.JMeterThread: Thread finished: Thread Group 1-10
2020-11-05 17:16:17,088 INFO o.a.j.e.StandardJMeterEngine: Notifying test listeners of end of test
2020-11-05 17:16:17,089 INFO o.a.j.r.Summariser: summary +     29 in 00:00:12 =    2.3/s Avg:   447 Min:    97 Max:  5650 Err:     0 (0.00%) Active: 0 Started: 10 Finished: 10
2020-11-05 17:16:17,090 INFO o.a.j.r.Summariser: summary =     30 in 00:00:19 =    1.6/s Avg:   570 Min:    97 Max:  5650 Err:     0 (0.00%)
